\BOOKMARK [0][-]{chapter*.1}{Resumen}{}% 1
\BOOKMARK [0][-]{chapter.1}{Introducci\363n}{}% 2
\BOOKMARK [1][-]{section.1.1}{Principales contribuciones}{chapter.1}% 3
\BOOKMARK [1][-]{section.1.2}{Esctructura del Documento}{chapter.1}% 4
\BOOKMARK [0][-]{chapter.2}{Marco Conceptual y Estado del Arte}{}% 5
\BOOKMARK [1][-]{section.2.1}{Marco Conceptual}{chapter.2}% 6
\BOOKMARK [2][-]{subsection.2.1.1}{Ambito Oseo}{section.2.1}% 7
\BOOKMARK [2][-]{subsection.2.1.2}{Ambito Ultrasonido}{section.2.1}% 8
\BOOKMARK [1][-]{section.2.2}{Estado del Arte}{chapter.2}% 9
\BOOKMARK [0][-]{chapter.3}{Definici\363n del Problema y An\341lisis}{}% 10
\BOOKMARK [1][-]{section.3.1}{Formulaci\363n del Problema}{chapter.3}% 11
\BOOKMARK [1][-]{section.3.2}{Soluci\363n Propuesta}{chapter.3}% 12
\BOOKMARK [1][-]{section.3.3}{Objetivos}{chapter.3}% 13
\BOOKMARK [2][-]{subsection.3.3.1}{Objetivo General}{section.3.3}% 14
\BOOKMARK [2][-]{subsection.3.3.2}{Objetivos Espec\355ficos}{section.3.3}% 15
\BOOKMARK [1][-]{section.3.4}{Metodolog\355a}{chapter.3}% 16
\BOOKMARK [1][-]{section.3.5}{Especificaci\363n de Requerimientos}{chapter.3}% 17
\BOOKMARK [2][-]{subsection.3.5.1}{Requerimientos Funcionales}{section.3.5}% 18
\BOOKMARK [2][-]{subsection.3.5.2}{Requerimientos No Funcionales}{section.3.5}% 19
\BOOKMARK [1][-]{section.3.6}{Funcionalidades del Sistema}{chapter.3}% 20
\BOOKMARK [2][-]{subsection.3.6.1}{Diagramas de Casos de Uso}{section.3.6}% 21
\BOOKMARK [2][-]{subsection.3.6.2}{Casos de Uso}{section.3.6}% 22
\BOOKMARK [2][-]{subsection.3.6.3}{Diagramas de Secuencia}{section.3.6}% 23
\BOOKMARK [2][-]{subsection.3.6.4}{Diagramas de Estado}{section.3.6}% 24
\BOOKMARK [2][-]{subsection.3.6.5}{Modelo Conceptual}{section.3.6}% 25
\BOOKMARK [0][-]{chapter*.9}{Bibliograf\355a}{}% 26
